d:\c++ projects\csc8503 2023\nclcoreclasses\nclcoreclasses.dir\debug\cmake_pch.pch
d:\c++ projects\csc8503 2023\nclcoreclasses\debug\nclcoreclasses.pdb
d:\c++ projects\csc8503 2023\nclcoreclasses\nclcoreclasses.dir\debug\cmake_pch.obj
d:\c++ projects\csc8503 2023\nclcoreclasses\nclcoreclasses.dir\debug\shader.obj
d:\c++ projects\csc8503 2023\nclcoreclasses\nclcoreclasses.dir\debug\rendererbase.obj
d:\c++ projects\csc8503 2023\nclcoreclasses\nclcoreclasses.dir\debug\quaternion.obj
d:\c++ projects\csc8503 2023\nclcoreclasses\nclcoreclasses.dir\debug\plane.obj
d:\c++ projects\csc8503 2023\nclcoreclasses\nclcoreclasses.dir\debug\mshloader.obj
d:\c++ projects\csc8503 2023\nclcoreclasses\nclcoreclasses.dir\debug\mouse.obj
d:\c++ projects\csc8503 2023\nclcoreclasses\nclcoreclasses.dir\debug\meshmaterial.obj
d:\c++ projects\csc8503 2023\nclcoreclasses\nclcoreclasses.dir\debug\meshanimation.obj
d:\c++ projects\csc8503 2023\nclcoreclasses\nclcoreclasses.dir\debug\mesh.obj
d:\c++ projects\csc8503 2023\nclcoreclasses\nclcoreclasses.dir\debug\matrix4.obj
d:\c++ projects\csc8503 2023\nclcoreclasses\nclcoreclasses.dir\debug\matrix3.obj
d:\c++ projects\csc8503 2023\nclcoreclasses\nclcoreclasses.dir\debug\matrix2.obj
d:\c++ projects\csc8503 2023\nclcoreclasses\nclcoreclasses.dir\debug\maths.obj
d:\c++ projects\csc8503 2023\nclcoreclasses\nclcoreclasses.dir\debug\keyboardmousecontroller.obj
d:\c++ projects\csc8503 2023\nclcoreclasses\nclcoreclasses.dir\debug\keyboard.obj
d:\c++ projects\csc8503 2023\nclcoreclasses\nclcoreclasses.dir\debug\gametimer.obj
d:\c++ projects\csc8503 2023\nclcoreclasses\nclcoreclasses.dir\debug\frustum.obj
d:\c++ projects\csc8503 2023\nclcoreclasses\nclcoreclasses.dir\debug\controller.obj
d:\c++ projects\csc8503 2023\nclcoreclasses\nclcoreclasses.dir\debug\camera.obj
d:\c++ projects\csc8503 2023\nclcoreclasses\nclcoreclasses.dir\debug\assets.obj
d:\c++ projects\csc8503 2023\nclcoreclasses\nclcoreclasses.dir\debug\window.obj
d:\c++ projects\csc8503 2023\nclcoreclasses\nclcoreclasses.dir\debug\win32window.obj
d:\c++ projects\csc8503 2023\nclcoreclasses\nclcoreclasses.dir\debug\win32mouse.obj
d:\c++ projects\csc8503 2023\nclcoreclasses\nclcoreclasses.dir\debug\win32keyboard.obj
d:\c++ projects\csc8503 2023\nclcoreclasses\nclcoreclasses.dir\debug\vector4i.obj
d:\c++ projects\csc8503 2023\nclcoreclasses\nclcoreclasses.dir\debug\vector4.obj
d:\c++ projects\csc8503 2023\nclcoreclasses\nclcoreclasses.dir\debug\vector3i.obj
d:\c++ projects\csc8503 2023\nclcoreclasses\nclcoreclasses.dir\debug\vector3.obj
d:\c++ projects\csc8503 2023\nclcoreclasses\nclcoreclasses.dir\debug\vector2i.obj
d:\c++ projects\csc8503 2023\nclcoreclasses\nclcoreclasses.dir\debug\vector2.obj
d:\c++ projects\csc8503 2023\nclcoreclasses\nclcoreclasses.dir\debug\texturewriter.obj
d:\c++ projects\csc8503 2023\nclcoreclasses\nclcoreclasses.dir\debug\textureloader.obj
d:\c++ projects\csc8503 2023\nclcoreclasses\nclcoreclasses.dir\debug\texture.obj
d:\c++ projects\csc8503 2023\nclcoreclasses\nclcoreclasses.dir\debug\simplefont.obj
d:\c++ projects\csc8503 2023\nclcoreclasses\cmakefiles\generate.stamp
d:\c++ projects\csc8503 2023\nclcoreclasses\debug\nclcoreclasses.lib
d:\c++ projects\csc8503 2023\nclcoreclasses\nclcoreclasses.dir\debug\nclcoreclasses.tlog\cl.command.1.tlog
d:\c++ projects\csc8503 2023\nclcoreclasses\nclcoreclasses.dir\debug\nclcoreclasses.tlog\cl.items.tlog
d:\c++ projects\csc8503 2023\nclcoreclasses\nclcoreclasses.dir\debug\nclcoreclasses.tlog\cl.read.1.tlog
d:\c++ projects\csc8503 2023\nclcoreclasses\nclcoreclasses.dir\debug\nclcoreclasses.tlog\cl.write.1.tlog
d:\c++ projects\csc8503 2023\nclcoreclasses\nclcoreclasses.dir\debug\nclcoreclasses.tlog\custombuild.command.1.tlog
d:\c++ projects\csc8503 2023\nclcoreclasses\nclcoreclasses.dir\debug\nclcoreclasses.tlog\custombuild.read.1.tlog
d:\c++ projects\csc8503 2023\nclcoreclasses\nclcoreclasses.dir\debug\nclcoreclasses.tlog\custombuild.write.1.tlog
d:\c++ projects\csc8503 2023\nclcoreclasses\nclcoreclasses.dir\debug\nclcoreclasses.tlog\lib-link.read.1.tlog
d:\c++ projects\csc8503 2023\nclcoreclasses\nclcoreclasses.dir\debug\nclcoreclasses.tlog\lib-link.write.1.tlog
d:\c++ projects\csc8503 2023\nclcoreclasses\nclcoreclasses.dir\debug\nclcoreclasses.tlog\lib.command.1.tlog
