d:\c++ projects\csc8503 2023\openglrendering\openglrendering.dir\debug\cmake_pch.pch
d:\c++ projects\csc8503 2023\openglrendering\debug\openglrendering.pdb
d:\c++ projects\csc8503 2023\openglrendering\openglrendering.dir\debug\cmake_pch.obj
d:\c++ projects\csc8503 2023\openglrendering\openglrendering.dir\debug\ogltexture.h.obj
d:\c++ projects\csc8503 2023\openglrendering\openglrendering.dir\debug\oglshader.h.obj
d:\c++ projects\csc8503 2023\openglrendering\openglrendering.dir\debug\oglrenderer.h.obj
d:\c++ projects\csc8503 2023\openglrendering\openglrendering.dir\debug\oglmesh.h.obj
d:\c++ projects\csc8503 2023\openglrendering\openglrendering.dir\debug\oglcomputeshader.h.obj
d:\c++ projects\csc8503 2023\openglrendering\openglrendering.dir\debug\ogltexture.cpp.obj
d:\c++ projects\csc8503 2023\openglrendering\openglrendering.dir\debug\oglshader.cpp.obj
d:\c++ projects\csc8503 2023\openglrendering\openglrendering.dir\debug\oglrenderer.cpp.obj
d:\c++ projects\csc8503 2023\openglrendering\openglrendering.dir\debug\oglmesh.cpp.obj
d:\c++ projects\csc8503 2023\openglrendering\openglrendering.dir\debug\oglcomputeshader.cpp.obj
d:\c++ projects\csc8503 2023\openglrendering\openglrendering.dir\debug\glad\gl.h.obj
d:\c++ projects\csc8503 2023\openglrendering\openglrendering.dir\debug\glad\gl.c.obj
d:\c++ projects\csc8503 2023\openglrendering\cmakefiles\generate.stamp
d:\c++ projects\csc8503 2023\openglrendering\debug\openglrendering.lib
d:\c++ projects\csc8503 2023\openglrendering\openglrendering.dir\debug\openglrendering.tlog\cl.command.1.tlog
d:\c++ projects\csc8503 2023\openglrendering\openglrendering.dir\debug\openglrendering.tlog\cl.items.tlog
d:\c++ projects\csc8503 2023\openglrendering\openglrendering.dir\debug\openglrendering.tlog\cl.read.1.tlog
d:\c++ projects\csc8503 2023\openglrendering\openglrendering.dir\debug\openglrendering.tlog\cl.write.1.tlog
d:\c++ projects\csc8503 2023\openglrendering\openglrendering.dir\debug\openglrendering.tlog\custombuild.command.1.tlog
d:\c++ projects\csc8503 2023\openglrendering\openglrendering.dir\debug\openglrendering.tlog\custombuild.read.1.tlog
d:\c++ projects\csc8503 2023\openglrendering\openglrendering.dir\debug\openglrendering.tlog\custombuild.write.1.tlog
d:\c++ projects\csc8503 2023\openglrendering\openglrendering.dir\debug\openglrendering.tlog\lib-link.read.1.tlog
d:\c++ projects\csc8503 2023\openglrendering\openglrendering.dir\debug\openglrendering.tlog\lib-link.write.1.tlog
d:\c++ projects\csc8503 2023\openglrendering\openglrendering.dir\debug\openglrendering.tlog\lib.command.1.tlog
